<?xml version="1.0" encoding="UTF-8"?>
<!-- Generated by org.testng.reporters.JUnitReportReporter -->
<testsuite hostname="ANAND-SOLAPUR" failures="0" tests="2" name="girishpotdar.tests.ErrorValidationsTest" time="14.114" errors="0" timestamp="2024-01-08T18:50:09 IST" skipped="0">
  <testcase classname="girishpotdar.tests.ErrorValidationsTest" name="ProductErrorValidation" time="4.987"/>
  <testcase classname="girishpotdar.tests.ErrorValidationsTest" name="LoginErrorValidation" time="9.127"/>
</testsuite> <!-- girishpotdar.tests.ErrorValidationsTest -->
